$ next dev
▲ Next.js 16.1.0 (Turbopack)
- Local:         http://localhost:3000
- Network:       http://192.168.0.11:3000
- Environments: .env.local

✓ Starting...
✓ Ready in 257ms
 GET / 200 in 981ms (compile: 901ms, render: 80ms)
 GET / 200 in 90ms (compile: 3ms, render: 86ms)
 GET /canvas 200 in 283ms (compile: 278ms, render: 5ms)
 GET /pipelines 200 in 133ms (compile: 128ms, render: 5ms)
 GET /canvas 200 in 10ms (compile: 4ms, render: 6ms)
 GET /my 200 in 111ms (compile: 107ms, render: 5ms)
 GET /login?redirect=%2Fmy 200 in 113ms (compile: 105ms, render: 8ms)
 GET /login?redirect=%2Fmy 200 in 40ms (compile: 1297µs, render: 39ms)
 GET /my 200 in 4ms (compile: 1043µs, render: 3ms)
 GET /pipelines 200 in 10ms (compile: 3ms, render: 6ms)
 GET /canvas 200 in 10ms (compile: 3ms, render: 7ms)
 GET / 200 in 8ms (compile: 3ms, render: 5ms)
 GET /remix/viral_outlier_004 200 in 249ms (compile: 241ms, render: 9ms)
 GET / 200 in 179ms (compile: 4ms, render: 175ms)
 GET / 200 in 202ms (compile: 4ms, render: 198ms)
 GET / 200 in 18ms (compile: 2ms, render: 15ms)
 GET / 200 in 29ms (compile: 5ms, render: 25ms)
 GET /remix/remix_master_cat 200 in 43ms (compile: 31ms, render: 12ms)
 GET / 200 in 7ms (compile: 1835µs, render: 5ms)
 GET /canvas 200 in 54ms (compile: 29ms, render: 26ms)
✓ Compiled in 14ms
✓ Compiled in 13ms
✓ Compiled in 11ms
✓ Compiled in 13ms
✓ Compiled in 17ms
✓ Compiled in 25ms
✓ Compiled in 21ms
✓ Compiled in 29ms
 GET /canvas 200 in 77ms (compile: 29ms, render: 48ms)
 GET / 200 in 9ms (compile: 3ms, render: 6ms)
 GET /canvas 200 in 9ms (compile: 3ms, render: 6ms)
 GET /my 200 in 29ms (compile: 22ms, render: 7ms)
 GET /login?redirect=%2Fmy 200 in 47ms (compile: 889µs, render: 46ms)
 GET /login?redirect=%2Fmy 200 in 63ms (compile: 945µs, render: 62ms)
 GET / 200 in 9ms (compile: 3ms, render: 6ms)
 GET /remix/viral_outlier_011 200 in 93ms (compile: 34ms, render: 59ms)
✓ Compiled in 43ms
 GET /canvas 200 in 11ms (compile: 3ms, render: 8ms)
 GET /canvas 200 in 8ms (compile: 2ms, render: 6ms)
 GET /pipelines 200 in 59ms (compile: 28ms, render: 31ms)
 GET /canvas 200 in 11ms (compile: 3ms, render: 8ms)
 GET /my 200 in 8ms (compile: 1848µs, render: 6ms)
 GET /login?redirect=%2Fmy 200 in 8ms (compile: 1257µs, render: 7ms)
 GET /login?redirect=%2Fmy 200 in 28ms (compile: 688µs, render: 27ms)
 GET /login?redirect=%2Fmy 200 in 12ms (compile: 1820µs, render: 10ms)
 GET /login?redirect=%2Fmy 200 in 33ms (compile: 1065µs, render: 32ms)
 GET / 200 in 31ms (compile: 19ms, render: 13ms)
✓ Compiled in 76ms
✓ Compiled in 36ms
 GET / 200 in 49ms (compile: 18ms, render: 31ms)
 GET /canvas 200 in 10ms (compile: 3ms, render: 7ms)
 GET / 200 in 8ms (compile: 2ms, render: 6ms)
 GET /remix/viral_outlier_011 200 in 29ms (compile: 18ms, render: 11ms)
✓ Compiled in 36ms
 GET /canvas?sourceUrl=https%3A%2F%2Fwww.youtube.com%2Fshorts%2FXyz789AbcDef 200 in 10ms (compile: 3ms, render: 7ms)
✓ Compiled in 33ms
error: script "dev" was terminated by signal SIGHUP (Terminal hung up)
